<?xml version="1.0" encoding="UTF-8"?>
<testng-results ignored="0" total="1" passed="1" failed="0" skipped="0">
  <reporter-output>
  </reporter-output>
  <suite started-at="2024-12-22T09:37:44 IST" name="Default suite" finished-at="2024-12-22T09:37:58 IST" duration-ms="13671">
    <groups>
    </groups>
    <test started-at="2024-12-22T09:37:44 IST" name="Default test" finished-at="2024-12-22T09:37:58 IST" duration-ms="13671">
      <class name="com.seleniumtest.InputValidationTest">
        <test-method is-config="true" signature="setup()[pri:0, instance:com.seleniumtest.InputValidationTest@2b71e916]" started-at="2024-12-22T09:37:44 IST" name="setup" finished-at="2024-12-22T09:37:47 IST" duration-ms="2498" status="PASS">
          <reporter-output>
          </reporter-output>
        </test-method> <!-- setup -->
        <test-method signature="inputTest()[pri:0, instance:com.seleniumtest.InputValidationTest@2b71e916]" started-at="2024-12-22T09:37:47 IST" name="inputTest" finished-at="2024-12-22T09:37:58 IST" duration-ms="11033" status="PASS">
          <reporter-output>
          </reporter-output>
        </test-method> <!-- inputTest -->
        <test-method is-config="true" signature="tearDown()[pri:0, instance:com.seleniumtest.InputValidationTest@2b71e916]" started-at="2024-12-22T09:37:58 IST" name="tearDown" finished-at="2024-12-22T09:37:58 IST" duration-ms="83" status="PASS">
          <reporter-output>
          </reporter-output>
        </test-method> <!-- tearDown -->
      </class> <!-- com.seleniumtest.InputValidationTest -->
    </test> <!-- Default test -->
  </suite> <!-- Default suite -->
</testng-results>
